<?xml version="1.0" encoding="UTF-8"?>
<testsuite hostname="vnvpc130" name="RB_Release.Grid_CreateRelease" tests="1" failures="1" timestamp="26 Jun 2012 16:00:41 GMT" time="176.306" errors="0">
  <testcase name="testGoogleSearch" time="164.183" classname="RB_Release.Grid_CreateRelease">
    <failure type="java.lang.AssertionError" message="timeout">
      <![CDATA[java.lang.AssertionError: timeout
	at com.thoughtworks.selenium.SeleneseTestBase.fail(SeleneseTestBase.java:391)
	at RB_Release.Grid_CreateRelease.testGoogleSearch(Grid_CreateRelease.java:49)
	at java.util.concurrent.ThreadPoolExecutor.runWorker(Unknown Source)
	at java.util.concurrent.ThreadPoolExecutor$Worker.run(Unknown Source)
	at java.lang.Thread.run(Unknown Source)
... Removed 17 stack frames]]>
    </failure>
  </testcase>
</testsuite>
