<?xml version="1.0" encoding="utf-8" ?>
<!DOCTYPE html PUBLIC "-//W3C//DTD XHTML 1.0 Strict//EN"
        "http://www.w3.org/TR/xhtml1/DTD/xhtml1-strict.dtd">
<html xmlns="http://www.w3.org/1999/xhtml" xml:lang="" lang="">
<head>
  <title>Test Results Report - Test</title>
  <meta http-equiv="Content-Type" content="text/html;charset=utf-8" />
  <meta name="description" content="TestNG unit test results." />
  <link href="reportng.css" rel="stylesheet" type="text/css" />
    <script type="text/javascript" src="reportng.js"></script>
</head>
<body>
<h1>Test</h1>
<p>
  Test duration: 0.000s
</p>

  <table class="resultsTable configTable">
    <tr><th colspan="3" class="header failedConfig">Failed Configuration</th></tr>
              <tr class="group">
        <td colspan="3">Login.Login</td>
      </tr>
            
<tr>
  <td class="method">
                  loginUser
      </td>
  <td class="duration">
    0.000s
  </td>
  <td class="result">
        
    
        

        <a href="javascript:toggleElement('exception-0', 'block')" title="Click to expand/collapse"><b>java.lang.RuntimeException: Could not start Selenium session: Failed to start new browser session: Error while launching browser</b></a><br />
    <div class="stackTrace" id="exception-0">
              com.thoughtworks.selenium.DefaultSelenium.start(DefaultSelenium.java:107)<br />
              FunctionLibrary.Common.CsetUp(Common.java:381)<br />
              Login.Login.loginUser(Login.java:21)<br />
              sun.reflect.NativeMethodAccessorImpl.invoke0(Native Method)<br />
              sun.reflect.NativeMethodAccessorImpl.invoke(Unknown Source)<br />
              sun.reflect.DelegatingMethodAccessorImpl.invoke(Unknown Source)<br />
              java.lang.reflect.Method.invoke(Unknown Source)<br />
              org.testng.internal.MethodInvocationHelper.invokeMethod(MethodInvocationHelper.java:76)<br />
              org.testng.internal.Invoker.invokeConfigurationMethod(Invoker.java:525)<br />
              org.testng.internal.Invoker.invokeConfigurations(Invoker.java:202)<br />
              org.testng.internal.Invoker.invokeConfigurations(Invoker.java:130)<br />
              org.testng.internal.TestMethodWorker.invokeBeforeClassMethods(TestMethodWorker.java:173)<br />
              org.testng.internal.TestMethodWorker.run(TestMethodWorker.java:105)<br />
              org.testng.TestRunner.runWorkers(TestRunner.java:1147)<br />
              org.testng.TestRunner.privateRun(TestRunner.java:749)<br />
              org.testng.TestRunner.run(TestRunner.java:600)<br />
              org.testng.SuiteRunner.runTest(SuiteRunner.java:317)<br />
              org.testng.SuiteRunner.runSequentially(SuiteRunner.java:312)<br />
              org.testng.SuiteRunner.privateRun(SuiteRunner.java:274)<br />
              org.testng.SuiteRunner.run(SuiteRunner.java:223)<br />
              org.testng.SuiteRunnerWorker.runSuite(SuiteRunnerWorker.java:52)<br />
              org.testng.SuiteRunnerWorker.run(SuiteRunnerWorker.java:86)<br />
              org.testng.TestNG.runSuitesSequentially(TestNG.java:1039)<br />
              org.testng.TestNG.runSuitesLocally(TestNG.java:964)<br />
              org.testng.TestNG.run(TestNG.java:900)<br />
              org.testng.TestNG.privateMain(TestNG.java:1182)<br />
              org.testng.TestNG.main(TestNG.java:1146)<br />
                    <b>Caused by: </b> <a href="javascript:toggleElement('exception-1', 'block')" title="Click to expand/collapse">com.thoughtworks.selenium.SeleniumException: Failed to start new browser session: Error while launching browser</a><br />
        <div class="stackTrace" id="exception-1">
                      com.thoughtworks.selenium.HttpCommandProcessor.throwAssertionFailureExceptionOrError(HttpCommandProcessor.java:112)<br />
                      com.thoughtworks.selenium.HttpCommandProcessor.doCommand(HttpCommandProcessor.java:106)<br />
                      com.thoughtworks.selenium.HttpCommandProcessor.getString(HttpCommandProcessor.java:275)<br />
                      com.thoughtworks.selenium.HttpCommandProcessor.start(HttpCommandProcessor.java:237)<br />
                      com.thoughtworks.selenium.DefaultSelenium.start(DefaultSelenium.java:98)<br />
                      FunctionLibrary.Common.CsetUp(Common.java:381)<br />
                      Login.Login.loginUser(Login.java:21)<br />
                      sun.reflect.NativeMethodAccessorImpl.invoke0(Native Method)<br />
                      sun.reflect.NativeMethodAccessorImpl.invoke(Unknown Source)<br />
                      sun.reflect.DelegatingMethodAccessorImpl.invoke(Unknown Source)<br />
                      java.lang.reflect.Method.invoke(Unknown Source)<br />
                      org.testng.internal.MethodInvocationHelper.invokeMethod(MethodInvocationHelper.java:76)<br />
                      org.testng.internal.Invoker.invokeConfigurationMethod(Invoker.java:525)<br />
                      org.testng.internal.Invoker.invokeConfigurations(Invoker.java:202)<br />
                      org.testng.internal.Invoker.invokeConfigurations(Invoker.java:130)<br />
                      org.testng.internal.TestMethodWorker.invokeBeforeClassMethods(TestMethodWorker.java:173)<br />
                      org.testng.internal.TestMethodWorker.run(TestMethodWorker.java:105)<br />
                      org.testng.TestRunner.runWorkers(TestRunner.java:1147)<br />
                      org.testng.TestRunner.privateRun(TestRunner.java:749)<br />
                      org.testng.TestRunner.run(TestRunner.java:600)<br />
                      org.testng.SuiteRunner.runTest(SuiteRunner.java:317)<br />
                      org.testng.SuiteRunner.runSequentially(SuiteRunner.java:312)<br />
                      org.testng.SuiteRunner.privateRun(SuiteRunner.java:274)<br />
                      org.testng.SuiteRunner.run(SuiteRunner.java:223)<br />
                      org.testng.SuiteRunnerWorker.runSuite(SuiteRunnerWorker.java:52)<br />
                      org.testng.SuiteRunnerWorker.run(SuiteRunnerWorker.java:86)<br />
                      org.testng.TestNG.runSuitesSequentially(TestNG.java:1039)<br />
                      org.testng.TestNG.runSuitesLocally(TestNG.java:964)<br />
                      org.testng.TestNG.run(TestNG.java:900)<br />
                      org.testng.TestNG.privateMain(TestNG.java:1182)<br />
                      org.testng.TestNG.main(TestNG.java:1146)<br />
                  </div>
          </div>
      </td>
</tr>
    
          <tr><td colspan="3">&nbsp;</td></tr>
      <tr><td colspan="3" class="header skippedConfig">Skipped Configuration</td></tr>
                    <tr>
          <td colspan="3" class="group">Login.Login</td>
        </tr>
                
<tr>
  <td class="method">
                  afterClass
      </td>
  <td class="duration">
    0.000s
  </td>
  <td class="result">
                               
    
        

      </td>
</tr>
            </table>



  <table class="resultsTable" width="100%">
    <tr><th colspan="3" class="header skipped">Skipped Tests</th></tr>
          <tr>
        <td colspan="3" class="group">Login.Login</td>
      </tr>
            
<tr>
  <td class="method">
                  userLogin
      </td>
  <td class="duration">
    0.000s
  </td>
  <td class="result">
                               
    
        

      </td>
</tr>
      </table>

  
</body>
</html>
